<?xml version="1.0" encoding="UTF-8"?>
<!-- Generated by org.testng.reporters.JUnitReportReporter -->
<testsuite hostname="LONY" failures="0" tests="3" name="FrameWork.Sample2Test" time="0.100" errors="0" timestamp="2025-07-30T00:08:05 IST" skipped="0">
  <testcase classname="FrameWork.Sample2Test" name="deleteproduct" time="0.062"/>
  <testcase classname="FrameWork.Sample2Test" name="modifyproduct" time="0.010"/>
  <testcase classname="FrameWork.Sample2Test" name="createproduct" time="0.028"/>
</testsuite> <!-- FrameWork.Sample2Test -->
