<?xml version="1.0" encoding="UTF-8"?>
<!-- Generated by org.testng.reporters.JUnitReportReporter -->
<testsuite hostname="LONY" failures="0" tests="3" name="FrameWork.Sample3Test" time="0.072" errors="0" timestamp="2025-07-30T00:26:24 IST" skipped="0">
  <testcase classname="FrameWork.Sample3Test" name="createproduct" time="0.056"/>
  <testcase classname="FrameWork.Sample3Test" name="deleteproduct" time="0.009"/>
  <testcase classname="FrameWork.Sample3Test" name="modifyproduct" time="0.007"/>
</testsuite> <!-- FrameWork.Sample3Test -->
