<?xml version="1.0" encoding="UTF-8"?>
<!-- Generated by org.testng.reporters.JUnitReportReporter -->
<testsuite hostname="LONY" failures="0" tests="3" name="FrameWork.SampleTest" time="0.062" errors="0" timestamp="2025-07-30T00:02:47 IST" skipped="0">
  <testcase classname="FrameWork.SampleTest" name="modifyproduct" time="0.009"/>
  <testcase classname="FrameWork.SampleTest" name="deleteproduct" time="0.016"/>
  <testcase classname="FrameWork.SampleTest" name="createproduct" time="0.037"/>
</testsuite> <!-- FrameWork.SampleTest -->
