<?xml version="1.0" encoding="UTF-8"?>
<!-- Generated by org.testng.reporters.JUnitReportReporter -->
<testsuite hostname="LONY" failures="0" tests="2" name="FrameWork.HardAssertEx" time="0.054" errors="0" timestamp="2025-07-31T16:28:57 IST" skipped="0">
  <testcase classname="FrameWork.HardAssertEx" name="m1" time="0.046"/>
  <testcase classname="FrameWork.HardAssertEx" name="m2" time="0.008"/>
</testsuite> <!-- FrameWork.HardAssertEx -->
