<?xml version="1.0" encoding="UTF-8"?>
<!-- Generated by org.testng.reporters.JUnitReportReporter -->
<testsuite hostname="LONY" failures="0" tests="1" name="FrameWork.TakeScreenshotEx2Test" time="108.720" errors="0" timestamp="2025-07-31T17:16:57 IST" skipped="0">
  <testcase classname="FrameWork.TakeScreenshotEx2Test" name="m1" time="108.720"/>
</testsuite> <!-- FrameWork.TakeScreenshotEx2Test -->
