<?xml version="1.0" encoding="UTF-8"?>
<!-- Generated by org.testng.reporters.JUnitReportReporter -->
<testsuite hostname="LONY" failures="0" tests="3" name="FrameWork.Sample4Test" time="0.077" errors="0" timestamp="2025-07-30T00:31:24 IST" skipped="0">
  <testcase classname="FrameWork.Sample4Test" name="deleteproduct" time="0.008"/>
  <testcase classname="FrameWork.Sample4Test" name="createproduct" time="0.056"/>
  <testcase classname="FrameWork.Sample4Test" name="modifyproduct" time="0.013"/>
</testsuite> <!-- FrameWork.Sample4Test -->
