<?xml version="1.0" encoding="UTF-8"?>
<!-- Generated by org.testng.reporters.JUnitReportReporter -->
<testsuite hostname="LONY" failures="0" tests="1" name="FrameWork.TakeScreenshotExTest" time="89.726" errors="0" timestamp="2025-07-31T16:58:55 IST" skipped="0">
  <testcase classname="FrameWork.TakeScreenshotExTest" name="m1" time="89.726"/>
</testsuite> <!-- FrameWork.TakeScreenshotExTest -->
