<?xml version="1.0" encoding="UTF-8"?>
<!-- Generated by org.testng.reporters.JUnitReportReporter -->
<testsuite hostname="LONY" failures="0" tests="5" name="FrameWork.Sample5Test" time="0.076" errors="0" timestamp="2025-07-30T16:14:35 IST" skipped="2">
  <testcase classname="FrameWork.Sample5Test" name="deleteproduct" time="0.049"/>
  <testcase classname="FrameWork.Sample5Test" name="deleteproduct" time="0.006"/>
  <testcase classname="FrameWork.Sample5Test" name="deleteproduct" time="0.021"/>
  <testcase classname="FrameWork.Sample5Test" name="modifyproduct">
    <skipped/>
  </testcase> <!-- modifyproduct -->
  <testcase classname="FrameWork.Sample5Test" name="createproduct">
    <skipped/>
  </testcase> <!-- createproduct -->
</testsuite> <!-- FrameWork.Sample5Test -->
